[0m03:07:23.512895 [debug] [MainThread]: Sending event: {'category': 'dbt', 'action': 'invocation', 'label': 'start', 'context': [<snowplow_tracker.self_describing_json.SelfDescribingJson object at 0x000001A3D8C1B710>, <snowplow_tracker.self_describing_json.SelfDescribingJson object at 0x000001A3DB4E9C40>, <snowplow_tracker.self_describing_json.SelfDescribingJson object at 0x000001A3DB936960>]}


============================== 03:07:23.526238 | 3b7931d7-0d64-4441-9fa4-cc4e5bbf7807 ==============================
[0m03:07:23.526238 [info ] [MainThread]: Running with dbt=1.10.16
[0m03:07:23.527758 [debug] [MainThread]: running dbt with arguments {'version_check': 'True', 'no_print': 'None', 'static_parser': 'True', 'target_path': 'None', 'warn_error_options': 'WarnErrorOptionsV2(error=[], warn=[], silence=[])', 'printer_width': '80', 'write_json': 'True', 'introspect': 'True', 'log_cache_events': 'False', 'empty': 'None', 'cache_selected_only': 'False', 'log_format': 'default', 'debug': 'False', 'fail_fast': 'False', 'partial_parse': 'True', 'send_anonymous_usage_stats': 'True', 'quiet': 'False', 'warn_error': 'None', 'profiles_dir': 'C:\\Users\\aryag\\.dbt', 'indirect_selection': 'eager', 'invocation_command': 'dbt init dbt_project', 'use_colors': 'True', 'use_experimental_parser': 'False', 'log_path': 'logs'}
[0m03:07:23.555968 [debug] [MainThread]: Starter project path: c:\users\aryag\documents\latihan_dbt\reporting_telkom\.venv\Lib\site-packages\dbt\include\starter_project
[0m03:07:23.585688 [info ] [MainThread]: 
Your new dbt project "dbt_project" was created!

For more information on how to configure the profiles.yml file,
please consult the dbt documentation here:

  https://docs.getdbt.com/docs/configure-your-profile

One more thing:

Need help? Don't hesitate to reach out to us via GitHub issues or on Slack:

  https://community.getdbt.com/

Happy modeling!

[0m03:07:23.587194 [info ] [MainThread]: Setting up your profile.
[0m03:09:02.014465 [error] [MainThread]: Encountered an error:

[0m03:09:02.021552 [error] [MainThread]: Traceback (most recent call last):
  File "c:\users\aryag\documents\latihan_dbt\reporting_telkom\.venv\Lib\site-packages\dbt\cli\requires.py", line 178, in wrapper
    result, success = func(*args, **kwargs)
                      ^^^^^^^^^^^^^^^^^^^^^
  File "c:\users\aryag\documents\latihan_dbt\reporting_telkom\.venv\Lib\site-packages\dbt\cli\requires.py", line 128, in wrapper
    return func(*args, **kwargs)
           ^^^^^^^^^^^^^^^^^^^^^
  File "c:\users\aryag\documents\latihan_dbt\reporting_telkom\.venv\Lib\site-packages\dbt\cli\main.py", line 483, in init
    results = task.run()
              ^^^^^^^^^^
  File "c:\users\aryag\documents\latihan_dbt\reporting_telkom\.venv\Lib\site-packages\dbt\task\init.py", line 346, in run
    self.setup_profile(profile_name)
  File "c:\users\aryag\documents\latihan_dbt\reporting_telkom\.venv\Lib\site-packages\dbt\task\init.py", line 262, in setup_profile
    self.create_profile_from_target(adapter, profile_name=profile_name)
  File "c:\users\aryag\documents\latihan_dbt\reporting_telkom\.venv\Lib\site-packages\dbt\task\init.py", line 179, in create_profile_from_target
    self.create_profile_from_profile_template(profile_template, profile_name)
  File "c:\users\aryag\documents\latihan_dbt\reporting_telkom\.venv\Lib\site-packages\dbt\task\init.py", line 163, in create_profile_from_profile_template
    target = self.generate_target_from_input(prompts, initial_target)
             ^^^^^^^^^^^^^^^^^^^^^^^^^^^^^^^^^^^^^^^^^^^^^^^^^^^^^^^^
  File "c:\users\aryag\documents\latihan_dbt\reporting_telkom\.venv\Lib\site-packages\dbt\task\init.py", line 129, in generate_target_from_input
    target[key] = click.prompt(
                  ^^^^^^^^^^^^^
  File "c:\users\aryag\documents\latihan_dbt\reporting_telkom\.venv\Lib\site-packages\click\termui.py", line 171, in prompt
    value = prompt_func(prompt)
            ^^^^^^^^^^^^^^^^^^^
  File "c:\users\aryag\documents\latihan_dbt\reporting_telkom\.venv\Lib\site-packages\click\termui.py", line 154, in prompt_func
    raise Abort() from None
click.exceptions.Abort

[0m03:09:02.025589 [debug] [MainThread]: Command `dbt init` failed at 03:09:02.024576 after 99.00 seconds
[0m03:09:02.025589 [debug] [MainThread]: Sending event: {'category': 'dbt', 'action': 'invocation', 'label': 'end', 'context': [<snowplow_tracker.self_describing_json.SelfDescribingJson object at 0x000001A3DB3A4D10>, <snowplow_tracker.self_describing_json.SelfDescribingJson object at 0x000001A3DD27D9D0>, <snowplow_tracker.self_describing_json.SelfDescribingJson object at 0x000001A3DD20EF90>]}
[0m03:09:02.027101 [debug] [MainThread]: Flushing usage events
[0m03:09:03.952005 [debug] [MainThread]: An error was encountered while trying to flush usage events
[0m03:09:10.108574 [debug] [MainThread]: Sending event: {'category': 'dbt', 'action': 'invocation', 'label': 'start', 'context': [<snowplow_tracker.self_describing_json.SelfDescribingJson object at 0x0000026382071190>, <snowplow_tracker.self_describing_json.SelfDescribingJson object at 0x0000026382DC6360>, <snowplow_tracker.self_describing_json.SelfDescribingJson object at 0x0000026382917620>]}


============================== 03:09:10.117623 | 198ba95a-c6d1-4873-965a-41d85ef7eeaf ==============================
[0m03:09:10.117623 [info ] [MainThread]: Running with dbt=1.10.16
[0m03:09:10.119131 [debug] [MainThread]: running dbt with arguments {'static_parser': 'True', 'no_print': 'None', 'version_check': 'True', 'warn_error_options': 'WarnErrorOptionsV2(error=[], warn=[], silence=[])', 'target_path': 'None', 'printer_width': '80', 'write_json': 'True', 'introspect': 'True', 'log_cache_events': 'False', 'empty': 'None', 'cache_selected_only': 'False', 'log_format': 'default', 'debug': 'False', 'fail_fast': 'False', 'profiles_dir': 'C:\\Users\\aryag\\.dbt', 'send_anonymous_usage_stats': 'True', 'quiet': 'False', 'warn_error': 'None', 'partial_parse': 'True', 'use_colors': 'True', 'indirect_selection': 'eager', 'invocation_command': 'dbt init dbt_project', 'use_experimental_parser': 'False', 'log_path': 'logs'}
[0m03:09:10.140844 [info ] [MainThread]: A project called dbt_project already exists here.
[0m03:09:10.143477 [debug] [MainThread]: Command `dbt init` succeeded at 03:09:10.143477 after 0.27 seconds
[0m03:09:10.144489 [debug] [MainThread]: Sending event: {'category': 'dbt', 'action': 'invocation', 'label': 'end', 'context': [<snowplow_tracker.self_describing_json.SelfDescribingJson object at 0x0000026382BB9A00>, <snowplow_tracker.self_describing_json.SelfDescribingJson object at 0x00000263809F90A0>, <snowplow_tracker.self_describing_json.SelfDescribingJson object at 0x000002638300E750>]}
[0m03:09:10.144980 [debug] [MainThread]: Flushing usage events
[0m03:09:14.327260 [debug] [MainThread]: An error was encountered while trying to flush usage events
