[0m14:41:36.914649 [debug] [MainThread]: Sending event: {'category': 'dbt', 'action': 'invocation', 'label': 'start', 'context': [<snowplow_tracker.self_describing_json.SelfDescribingJson object at 0x0000021E94574790>, <snowplow_tracker.self_describing_json.SelfDescribingJson object at 0x0000021E962638E0>, <snowplow_tracker.self_describing_json.SelfDescribingJson object at 0x0000021E95EDA700>]}


============================== 14:41:36.925660 | 2fc86bdf-bfb1-4596-9f7c-ff0b9d49943a ==============================
[0m14:41:36.925660 [info ] [MainThread]: Running with dbt=1.9.0-b2
[0m14:41:36.927659 [debug] [MainThread]: running dbt with arguments {'printer_width': '80', 'indirect_selection': 'eager', 'log_cache_events': 'False', 'write_json': 'True', 'partial_parse': 'True', 'cache_selected_only': 'False', 'warn_error': 'None', 'fail_fast': 'False', 'version_check': 'True', 'log_path': 'logs', 'profiles_dir': 'C:\\Users\\aryag\\.dbt', 'debug': 'False', 'use_colors': 'True', 'use_experimental_parser': 'False', 'empty': 'None', 'quiet': 'False', 'no_print': 'None', 'log_format': 'default', 'invocation_command': 'dbt init belajar_dbt', 'static_parser': 'True', 'introspect': 'True', 'target_path': 'None', 'warn_error_options': 'WarnErrorOptions(include=[], exclude=[])', 'send_anonymous_usage_stats': 'True'}
[0m14:41:37.009179 [warn ] [MainThread]: [ConfigFolderDirectory]: Unable to parse logging event dictionary. Failed to parse dir field: expected string or bytes-like object.. Dictionary: {'dir': WindowsPath('C:/Users/aryag/.dbt')}
[0m14:41:37.010181 [info ] [MainThread]: Creating dbt configuration folder at 
[0m14:41:37.019189 [debug] [MainThread]: Starter project path: C:\Users\aryag\AppData\Local\Programs\Python\Python38\lib\site-packages\dbt\include\starter_project
[0m14:41:37.065232 [info ] [MainThread]: 
Your new dbt project "belajar_dbt" was created!

For more information on how to configure the profiles.yml file,
please consult the dbt documentation here:

  https://docs.getdbt.com/docs/configure-your-profile

One more thing:

Need help? Don't hesitate to reach out to us via GitHub issues or on Slack:

  https://community.getdbt.com/

Happy modeling!

[0m14:41:37.067232 [info ] [MainThread]: Setting up your profile.
[0m14:41:49.195601 [error] [MainThread]: Encountered an error:
list index out of range
[0m14:41:49.209598 [error] [MainThread]: Traceback (most recent call last):
  File "C:\Users\aryag\AppData\Local\Programs\Python\Python38\lib\site-packages\dbt\cli\requires.py", line 153, in wrapper
    result, success = func(*args, **kwargs)
  File "C:\Users\aryag\AppData\Local\Programs\Python\Python38\lib\site-packages\dbt\cli\requires.py", line 103, in wrapper
    return func(*args, **kwargs)
  File "C:\Users\aryag\AppData\Local\Programs\Python\Python38\lib\site-packages\dbt\cli\main.py", line 477, in init
    results = task.run()
  File "C:\Users\aryag\AppData\Local\Programs\Python\Python38\lib\site-packages\dbt\task\init.py", line 346, in run
    self.setup_profile(profile_name)
  File "C:\Users\aryag\AppData\Local\Programs\Python\Python38\lib\site-packages\dbt\task\init.py", line 261, in setup_profile
    adapter = self.ask_for_adapter_choice()
  File "C:\Users\aryag\AppData\Local\Programs\Python\Python38\lib\site-packages\dbt\task\init.py", line 243, in ask_for_adapter_choice
    return available_adapters[numeric_choice - 1]
IndexError: list index out of range

[0m14:41:49.213601 [debug] [MainThread]: Command `dbt init` failed at 14:41:49.212600 after 12.43 seconds
[0m14:41:49.214601 [debug] [MainThread]: Sending event: {'category': 'dbt', 'action': 'invocation', 'label': 'end', 'context': [<snowplow_tracker.self_describing_json.SelfDescribingJson object at 0x0000021E94574790>, <snowplow_tracker.self_describing_json.SelfDescribingJson object at 0x0000021E93756670>, <snowplow_tracker.self_describing_json.SelfDescribingJson object at 0x0000021E937564C0>]}
[0m14:41:49.216601 [debug] [MainThread]: Flushing usage events
[0m14:41:50.384246 [debug] [MainThread]: An error was encountered while trying to flush usage events
[0m15:58:28.528451 [debug] [MainThread]: Sending event: {'category': 'dbt', 'action': 'invocation', 'label': 'start', 'context': [<snowplow_tracker.self_describing_json.SelfDescribingJson object at 0x0000028236195760>, <snowplow_tracker.self_describing_json.SelfDescribingJson object at 0x0000028236FFEAF0>, <snowplow_tracker.self_describing_json.SelfDescribingJson object at 0x0000028236FFEBE0>]}


============================== 15:58:28.534452 | c4c172e0-abc5-4221-bfcc-02a35914a73d ==============================
[0m15:58:28.534452 [info ] [MainThread]: Running with dbt=1.9.0-b2
[0m15:58:28.536463 [debug] [MainThread]: running dbt with arguments {'printer_width': '80', 'indirect_selection': 'eager', 'write_json': 'True', 'log_cache_events': 'False', 'partial_parse': 'True', 'cache_selected_only': 'False', 'profiles_dir': 'C:\\Users\\aryag\\.dbt', 'fail_fast': 'False', 'warn_error': 'None', 'log_path': 'logs', 'version_check': 'True', 'debug': 'False', 'use_colors': 'True', 'use_experimental_parser': 'False', 'empty': 'None', 'quiet': 'False', 'no_print': 'None', 'warn_error_options': 'WarnErrorOptions(include=[], exclude=[])', 'invocation_command': 'dbt init Global_E_Commerce_Performance_Analysis', 'log_format': 'default', 'introspect': 'True', 'target_path': 'None', 'static_parser': 'True', 'send_anonymous_usage_stats': 'True'}
[0m15:58:28.574981 [debug] [MainThread]: Starter project path: C:\Users\aryag\AppData\Local\Programs\Python\Python38\lib\site-packages\dbt\include\starter_project
[0m15:58:28.620984 [info ] [MainThread]: 
Your new dbt project "Global_E_Commerce_Performance_Analysis" was created!

For more information on how to configure the profiles.yml file,
please consult the dbt documentation here:

  https://docs.getdbt.com/docs/configure-your-profile

One more thing:

Need help? Don't hesitate to reach out to us via GitHub issues or on Slack:

  https://community.getdbt.com/

Happy modeling!

[0m15:58:28.621981 [info ] [MainThread]: Setting up your profile.
[0m16:11:24.519296 [debug] [MainThread]: Sending event: {'category': 'dbt', 'action': 'invocation', 'label': 'start', 'context': [<snowplow_tracker.self_describing_json.SelfDescribingJson object at 0x000002CA660441F0>, <snowplow_tracker.self_describing_json.SelfDescribingJson object at 0x000002CA64BF09A0>, <snowplow_tracker.self_describing_json.SelfDescribingJson object at 0x000002CA65D3DDC0>]}


============================== 16:11:24.527324 | dbaff517-89ea-4bc1-8789-4e9ee7670b97 ==============================
[0m16:11:24.527324 [info ] [MainThread]: Running with dbt=1.8.7
[0m16:11:24.529346 [debug] [MainThread]: running dbt with arguments {'printer_width': '80', 'indirect_selection': 'eager', 'log_cache_events': 'False', 'write_json': 'True', 'partial_parse': 'True', 'cache_selected_only': 'False', 'warn_error': 'None', 'version_check': 'True', 'debug': 'False', 'log_path': 'logs', 'profiles_dir': 'C:\\Users\\aryag\\.dbt', 'fail_fast': 'False', 'use_colors': 'True', 'use_experimental_parser': 'False', 'no_print': 'None', 'quiet': 'False', 'empty': 'False', 'log_format': 'default', 'invocation_command': 'dbt run', 'introspect': 'True', 'static_parser': 'True', 'target_path': 'None', 'warn_error_options': 'WarnErrorOptions(include=[], exclude=[])', 'send_anonymous_usage_stats': 'True'}
[0m16:11:24.530347 [error] [MainThread]: Encountered an error:
Runtime Error
  No dbt_project.yml found at expected path C:\Users\aryag\Documents\Latihan_DBT\dbt_project.yml
  Verify that each entry within packages.yml (and their transitive dependencies) contains a file named dbt_project.yml
  
[0m16:11:24.532347 [debug] [MainThread]: Command `dbt run` failed at 16:11:24.532347 after 0.10 seconds
[0m16:11:24.532347 [debug] [MainThread]: Sending event: {'category': 'dbt', 'action': 'invocation', 'label': 'end', 'context': [<snowplow_tracker.self_describing_json.SelfDescribingJson object at 0x000002CA660441F0>, <snowplow_tracker.self_describing_json.SelfDescribingJson object at 0x000002CA65D9A310>, <snowplow_tracker.self_describing_json.SelfDescribingJson object at 0x000002CA65D8BD30>]}
[0m16:11:24.533858 [debug] [MainThread]: Flushing usage events
[0m16:12:25.364250 [debug] [MainThread]: Sending event: {'category': 'dbt', 'action': 'invocation', 'label': 'start', 'context': [<snowplow_tracker.self_describing_json.SelfDescribingJson object at 0x000002615A1341F0>, <snowplow_tracker.self_describing_json.SelfDescribingJson object at 0x000002615AACD910>, <snowplow_tracker.self_describing_json.SelfDescribingJson object at 0x000002615CD85640>]}


============================== 16:12:25.371061 | b4710ecf-ff9c-48be-b942-989cef09ecc7 ==============================
[0m16:12:25.371061 [info ] [MainThread]: Running with dbt=1.8.7
[0m16:12:25.372062 [debug] [MainThread]: running dbt with arguments {'printer_width': '80', 'indirect_selection': 'eager', 'write_json': 'True', 'log_cache_events': 'False', 'partial_parse': 'True', 'cache_selected_only': 'False', 'profiles_dir': 'C:\\Users\\aryag\\.dbt', 'debug': 'False', 'version_check': 'True', 'log_path': 'logs', 'warn_error': 'None', 'fail_fast': 'False', 'use_colors': 'True', 'use_experimental_parser': 'False', 'empty': 'None', 'quiet': 'False', 'no_print': 'None', 'warn_error_options': 'WarnErrorOptions(include=[], exclude=[])', 'invocation_command': 'dbt init IoT_Pipelin', 'log_format': 'default', 'introspect': 'True', 'target_path': 'None', 'static_parser': 'True', 'send_anonymous_usage_stats': 'True'}
[0m16:12:25.457116 [debug] [MainThread]: Starter project path: C:\Users\aryag\AppData\Local\Programs\Python\Python38\lib\site-packages\dbt\include\starter_project
[0m16:12:25.489274 [info ] [MainThread]: 
Your new dbt project "IoT_Pipelin" was created!

For more information on how to configure the profiles.yml file,
please consult the dbt documentation here:

  https://docs.getdbt.com/docs/configure-your-profile

One more thing:

Need help? Don't hesitate to reach out to us via GitHub issues or on Slack:

  https://community.getdbt.com/

Happy modeling!

[0m16:12:25.491275 [info ] [MainThread]: Setting up your profile.
[0m16:20:48.386273 [info ] [MainThread]: Profile IoT_Pipelin written to C:\Users\aryag\.dbt\profiles.yml using target's profile_template.yml and your supplied values. Run 'dbt debug' to validate the connection.
[0m16:20:48.388792 [debug] [MainThread]: Command `dbt init` succeeded at 16:20:48.388792 after 503.10 seconds
[0m16:20:48.388792 [debug] [MainThread]: Sending event: {'category': 'dbt', 'action': 'invocation', 'label': 'end', 'context': [<snowplow_tracker.self_describing_json.SelfDescribingJson object at 0x000002615A1341F0>, <snowplow_tracker.self_describing_json.SelfDescribingJson object at 0x0000026159DED760>, <snowplow_tracker.self_describing_json.SelfDescribingJson object at 0x000002615CE1DBB0>]}
[0m16:20:48.390305 [debug] [MainThread]: Flushing usage events
[0m13:18:43.002403 [debug] [MainThread]: Sending event: {'category': 'dbt', 'action': 'invocation', 'label': 'start', 'context': [<snowplow_tracker.self_describing_json.SelfDescribingJson object at 0x000001DAEBAB9250>, <snowplow_tracker.self_describing_json.SelfDescribingJson object at 0x000001DAEDA84340>, <snowplow_tracker.self_describing_json.SelfDescribingJson object at 0x000001DAEDA5BC10>]}


============================== 13:18:43.011028 | 41ee6f4f-b036-4bae-8e0c-a33aeb6053c7 ==============================
[0m13:18:43.011028 [info ] [MainThread]: Running with dbt=1.8.7
[0m13:18:43.013041 [debug] [MainThread]: running dbt with arguments {'printer_width': '80', 'indirect_selection': 'eager', 'write_json': 'True', 'log_cache_events': 'False', 'partial_parse': 'True', 'cache_selected_only': 'False', 'warn_error': 'None', 'debug': 'False', 'version_check': 'True', 'log_path': 'logs', 'profiles_dir': 'C:\\Users\\aryag\\.dbt', 'fail_fast': 'False', 'use_colors': 'True', 'use_experimental_parser': 'False', 'no_print': 'None', 'quiet': 'False', 'empty': 'None', 'warn_error_options': 'WarnErrorOptions(include=[], exclude=[])', 'invocation_command': 'dbt debug', 'static_parser': 'True', 'introspect': 'True', 'target_path': 'None', 'log_format': 'default', 'send_anonymous_usage_stats': 'True'}
[0m13:18:43.042731 [info ] [MainThread]: dbt version: 1.8.7
[0m13:18:43.044815 [info ] [MainThread]: python version: 3.8.0
[0m13:18:43.045426 [info ] [MainThread]: python path: C:\Users\aryag\AppData\Local\Programs\Python\Python38\python.exe
[0m13:18:43.046943 [info ] [MainThread]: os info: Windows-10-10.0.26100-SP0
[0m13:18:43.202321 [info ] [MainThread]: Using profiles dir at C:\Users\aryag\.dbt
[0m13:18:43.204333 [info ] [MainThread]: Using profiles.yml file at C:\Users\aryag\.dbt\profiles.yml
[0m13:18:43.205335 [info ] [MainThread]: Using dbt_project.yml file at C:\Users\aryag\Documents\Latihan_DBT\dbt_project.yml
[0m13:18:43.206333 [error] [MainThread]: Encountered an error:
Internal Error
  Profile should not be None if loading profile completed
[0m13:18:43.209840 [debug] [MainThread]: Command `dbt debug` failed at 13:18:43.209840 after 0.34 seconds
[0m13:18:43.211854 [debug] [MainThread]: Sending event: {'category': 'dbt', 'action': 'invocation', 'label': 'end', 'context': [<snowplow_tracker.self_describing_json.SelfDescribingJson object at 0x000001DAEBAB9250>, <snowplow_tracker.self_describing_json.SelfDescribingJson object at 0x000001DAEE6EC640>, <snowplow_tracker.self_describing_json.SelfDescribingJson object at 0x000001DAEE8E7E50>]}
[0m13:18:43.212363 [debug] [MainThread]: Flushing usage events
